<?xml version="1.0" encoding="UTF-8"?>
<!-- Generated by org.testng.reporters.JUnitReportReporter -->
<testsuite skipped="0" hostname="SL-1029" name="com.saucelabs.addressbook.tests.LogoutPageTest" tests="2" failures="0" timestamp="14 Aug 2018 05:10:17 GMT" time="6.935" errors="0">
  <testcase name="VerifyLogoutPageIsDisplayed" time="3.882" classname="com.saucelabs.addressbook.tests.LogoutPageTest"/>
  <testcase name="VerifyLoginPageIsDisplayed" time="3.053" classname="com.saucelabs.addressbook.tests.LogoutPageTest"/>
</testsuite> <!-- com.saucelabs.addressbook.tests.LogoutPageTest -->
