<?xml version="1.0" encoding="UTF-8"?>
<!-- Generated by org.testng.reporters.JUnitReportReporter -->
<testsuite skipped="2" hostname="SL-1029" name="com.saucelabs.addressbook.tests.LoginPageTest" tests="11" failures="0" timestamp="20 Aug 2018 17:06:41 GMT" time="72.561" errors="0">
  <testcase name="verifyLoginPageTitle" time="4.766" classname="com.saucelabs.addressbook.tests.LoginPageTest"/>
  <testcase name="verifyLoginPageEmailTextBox" time="7.055" classname="com.saucelabs.addressbook.tests.LoginPageTest"/>
  <testcase name="verifyLoginPagePasswordTextBox" time="10.701" classname="com.saucelabs.addressbook.tests.LoginPageTest"/>
  <testcase name="verifyLoginToAddressBookWithInvalidCredentials" time="6.335" classname="com.saucelabs.addressbook.tests.LoginPageTest"/>
  <testcase name="verifyLoginToAddressBookWithInvalidCredentials" time="8.266" classname="com.saucelabs.addressbook.tests.LoginPageTest"/>
  <testcase name="verifyLoginToAddressBookWithInvalidCredentials" time="9.428" classname="com.saucelabs.addressbook.tests.LoginPageTest"/>
  <testcase name="verifyLoginToAddressBookWithInvalidCredentials" time="7.155" classname="com.saucelabs.addressbook.tests.LoginPageTest"/>
  <testcase name="verifyLoginToAddressBookWithInvalidCredentials" time="9.848" classname="com.saucelabs.addressbook.tests.LoginPageTest"/>
  <testcase name="verifyLoginToAddressBookWithInvalidCredentials" time="9.007" classname="com.saucelabs.addressbook.tests.LoginPageTest"/>
  <testcase name="verifyLoginToAddressBookWithValidCredentials" classname="com.saucelabs.addressbook.tests.LoginPageTest">
    <skipped/>
  </testcase> <!-- verifyLoginToAddressBookWithValidCredentials -->
  <testcase name="verifyLoginButton" classname="com.saucelabs.addressbook.tests.LoginPageTest">
    <skipped/>
  </testcase> <!-- verifyLoginButton -->
</testsuite> <!-- com.saucelabs.addressbook.tests.LoginPageTest -->
