<?xml version="1.0" encoding="UTF-8"?>
<!-- Generated by org.testng.reporters.JUnitReportReporter -->
<testsuite skipped="2" hostname="SL-1029" name="com.saucelabs.addressbook.tests.LoginPageTest" tests="11" failures="0" timestamp="14 Aug 2018 04:12:27 GMT" time="23.397" errors="0">
  <testcase name="verifyLoginPageTitle" time="2.230" classname="com.saucelabs.addressbook.tests.LoginPageTest"/>
  <testcase name="verifyLoginPageEmailTextBox" time="2.279" classname="com.saucelabs.addressbook.tests.LoginPageTest"/>
  <testcase name="verifyLoginPagePasswordTextBox" time="2.255" classname="com.saucelabs.addressbook.tests.LoginPageTest"/>
  <testcase name="verifyLoginToAddressBookWithInvalidCredentials" time="2.503" classname="com.saucelabs.addressbook.tests.LoginPageTest"/>
  <testcase name="verifyLoginToAddressBookWithInvalidCredentials" time="2.560" classname="com.saucelabs.addressbook.tests.LoginPageTest"/>
  <testcase name="verifyLoginToAddressBookWithInvalidCredentials" time="3.712" classname="com.saucelabs.addressbook.tests.LoginPageTest"/>
  <testcase name="verifyLoginToAddressBookWithInvalidCredentials" time="2.566" classname="com.saucelabs.addressbook.tests.LoginPageTest"/>
  <testcase name="verifyLoginToAddressBookWithInvalidCredentials" time="2.653" classname="com.saucelabs.addressbook.tests.LoginPageTest"/>
  <testcase name="verifyLoginToAddressBookWithInvalidCredentials" time="2.639" classname="com.saucelabs.addressbook.tests.LoginPageTest"/>
  <testcase name="verifyLoginButton" classname="com.saucelabs.addressbook.tests.LoginPageTest">
    <skipped/>
  </testcase> <!-- verifyLoginButton -->
  <testcase name="verifyLoginToHCPWithValidCredentials" classname="com.saucelabs.addressbook.tests.LoginPageTest">
    <skipped/>
  </testcase> <!-- verifyLoginToHCPWithValidCredentials -->
</testsuite> <!-- com.saucelabs.addressbook.tests.LoginPageTest -->
