<?xml version="1.0" encoding="UTF-8"?>
<!-- Generated by org.testng.reporters.JUnitReportReporter -->
<testsuite skipped="2" hostname="SL-1029" name="com.saucelabs.addressbook.tests.LoginPageTest" tests="11" failures="0" timestamp="25 Aug 2018 00:34:35 GMT" time="73.782" errors="0">
  <testcase name="verifyLoginPageTitle" time="6.628" classname="com.saucelabs.addressbook.tests.LoginPageTest"/>
  <testcase name="verifyLoginPageEmailTextBox" time="6.258" classname="com.saucelabs.addressbook.tests.LoginPageTest"/>
  <testcase name="verifyLoginPagePasswordTextBox" time="6.808" classname="com.saucelabs.addressbook.tests.LoginPageTest"/>
  <testcase name="verifyLoginToAddressBookWithInvalidCredentials" time="8.714" classname="com.saucelabs.addressbook.tests.LoginPageTest"/>
  <testcase name="verifyLoginToAddressBookWithInvalidCredentials" time="10.759" classname="com.saucelabs.addressbook.tests.LoginPageTest"/>
  <testcase name="verifyLoginToAddressBookWithInvalidCredentials" time="10.007" classname="com.saucelabs.addressbook.tests.LoginPageTest"/>
  <testcase name="verifyLoginToAddressBookWithInvalidCredentials" time="7.992" classname="com.saucelabs.addressbook.tests.LoginPageTest"/>
  <testcase name="verifyLoginToAddressBookWithInvalidCredentials" time="8.278" classname="com.saucelabs.addressbook.tests.LoginPageTest"/>
  <testcase name="verifyLoginToAddressBookWithInvalidCredentials" time="8.338" classname="com.saucelabs.addressbook.tests.LoginPageTest"/>
  <testcase name="verifyLoginToAddressBookWithValidCredentials" classname="com.saucelabs.addressbook.tests.LoginPageTest">
    <skipped/>
  </testcase> <!-- verifyLoginToAddressBookWithValidCredentials -->
  <testcase name="verifyLoginButton" classname="com.saucelabs.addressbook.tests.LoginPageTest">
    <skipped/>
  </testcase> <!-- verifyLoginButton -->
</testsuite> <!-- com.saucelabs.addressbook.tests.LoginPageTest -->
